<?xml version="1.0" encoding="UTF-8"?>
<testsuite xmlns:xsi="http://www.w3.org/2001/XMLSchema-instance" xsi:noNamespaceSchemaLocation="https://maven.apache.org/surefire/maven-surefire-plugin/xsd/surefire-test-report-3.0.xsd" version="3.0" name="com.practics.set.java.JavaApplicationTests" time="1.891" tests="1" errors="0" skipped="0" failures="0">
  <properties>
[...]
</properties>
  <testcase name="contextLoads" classname="com.practics.set.java.JavaApplicationTests" time="0.692">
    <system-out><![CDATA[17:08:43.611 [main] INFO org.springframework.test.context.support.AnnotationConfigContextLoaderUtils -- Could not detect default configuration classes for test class [com.practics.set.java.JavaApplicationTests]: JavaApplicationTests does not declare any static, non-private, non-final, nested classes annotated with @Configuration.
17:08:43.680 [main] INFO org.springframework.boot.test.context.SpringBootTestContextBootstrapper -- Found @SpringBootConfiguration com.practics.set.java.JavaApplication for test class com.practics.set.java.JavaApplicationTests
17:08:43.794 [main] INFO org.springframework.boot.devtools.restart.RestartApplicationListener -- Restart disabled due to context in which it is running

  .   ____          _            __ _ _
 /\\ / ___'_ __ _ _(_)_ __  __ _ \ \ \ \
( ( )\___ | '_ | '_| | '_ \/ _` | \ \ \ \
 \\/  ___)| |_)| | | | | || (_| |  ) ) ) )
  '  |____| .__|_| |_|_| |_\__, | / / / /
 =========|_|==============|___/=/_/_/_/
 :: Spring Boot ::                (v3.1.5)

2023-11-04T17:08:43.963+05:30  INFO 20156 --- [           main] c.p.set.java.JavaApplicationTests        : Starting JavaApplicationTests using Java 17.0.6 with PID 20156 (started by Jagannath Mishra in C:\Users\Jagannath Mishra\Documents\workspace-spring-tool-suite-4-4.17.2.RELEASE\Java-program-practices\java)
2023-11-04T17:08:43.964+05:30  INFO 20156 --- [           main] c.p.set.java.JavaApplicationTests        : No active profile set, falling back to 1 default profile: "default"
2023-11-04T17:08:44.675+05:30  INFO 20156 --- [           main] c.p.set.java.JavaApplicationTests        : Started JavaApplicationTests in 0.89 seconds (process running for 1.6)
]]></system-out>
  </testcase>
</testsuite>